{
  "RSpec": {
    "coverage": {
      "/home/aspencer0919/tic-tac-toe-rb-online-web-sp-000/lib/tic_tac_toe.rb": [
        1,
        null,
        1,
        null,
        null,
        null,
        null,
        null,
        null,
        null,
        null,
        null,
        1,
        5,
        5,
        5,
        5,
        5,
        null,
        null,
        1,
        13,
        null,
        null,
        1,
        3,
        null,
        null,
        1,
        76,
        null,
        null,
        1,
        13,
        null,
        null,
        1,
        10,
        10,
        10,
        10,
        9,
        0,
        null,
        1,
        null,
        null,
        null,
        1,
        2,
        2,
        18,
        5,
        null,
        null,
        2,
        null,
        null,
        1,
        1,
        null,
        null,
        1,
        43,
        206,
        206,
        206,
        null,
        206,
        206,
        206,
        null,
        206,
        27,
        null,
        null,
        16,
        null,
        null,
        1,
        112,
        null,
        null,
        1,
        13,
        7,
        null,
        null,
        null,
        1,
        11,
        7,
        null,
        null,
        null,
        1,
        10,
        9,
        null,
        null,
        null,
        1,
        12,
        7,
        null,
        5,
        3,
        3,
        null,
        2,
        2,
        null,
        null,
        null
      ]
    },
    "timestamp": 1584563016
  }
}
