{
  "RSpec": {
    "coverage": {
      "/home/aspencer0919/tic-tac-toe-rb-online-web-sp-000/lib/tic_tac_toe.rb": [
        1,
        null,
        null,
        1,
        21,
        21,
        21,
        21,
        21,
        null,
        null,
        1,
        20,
        null,
        null,
        1,
        20,
        null,
        null,
        1,
        130,
        null,
        null,
        1,
        20,
        null,
        null,
        1,
        17,
        17,
        17,
        17,
        16,
        16,
        null,
        1,
        null,
        null,
        null,
        1,
        2,
        2,
        18,
        5,
        null,
        null,
        2,
        null,
        null,
        1,
        1,
        null,
        null,
        null,
        1,
        null,
        null,
        null,
        null,
        null,
        null,
        null,
        null,
        null,
        null,
        null,
        null,
        null,
        1,
        62,
        281,
        281,
        281,
        null,
        281,
        281,
        281,
        null,
        281,
        38,
        null,
        null,
        24,
        null,
        null,
        1,
        145,
        null,
        null,
        1,
        19,
        7,
        null,
        null,
        null,
        1,
        18,
        10,
        null,
        null,
        null,
        1,
        14,
        13,
        null,
        null,
        null,
        1,
        12,
        14,
        null,
        12,
        6,
        6,
        null,
        6,
        3,
        null,
        null,
        null
      ]
    },
    "timestamp": 1584562200
  }
}
